g-0-1
Mon 12 Sep 2022 08:56:59 PM CDT
2022-09-12 20:57:04.518854: I tensorflow/core/platform/cpu_feature_guard.cc:193] This TensorFlow binary is optimized with oneAPI Deep Neural Network Library (oneDNN) to use the following CPU instructions in performance-critical operations:  AVX2 AVX512F AVX512_VNNI FMA
To enable them in other operations, rebuild TensorFlow with the appropriate compiler flags.
2022-09-12 20:57:05.503128: I tensorflow/core/common_runtime/gpu/gpu_device.cc:1532] Created device /job:localhost/replica:0/task:0/device:GPU:0 with 22844 MB memory:  -> device: 0, name: NVIDIA TITAN RTX, pci bus id: 0000:18:00.0, compute capability: 7.5
2022-09-12 20:57:05.503759: I tensorflow/core/common_runtime/gpu/gpu_device.cc:1532] Created device /job:localhost/replica:0/task:0/device:GPU:1 with 22844 MB memory:  -> device: 1, name: NVIDIA TITAN RTX, pci bus id: 0000:86:00.0, compute capability: 7.5
Model: "model_1"
__________________________________________________________________________________________________
 Layer (type)                   Output Shape         Param #     Connected to                     
==================================================================================================
 left_generator (InputLayer)    [(None, 256, 256, 3  0           []                               
                                )]                                                                
                                                                                                  
 right_generator (InputLayer)   [(None, 256, 256, 3  0           []                               
                                )]                                                                
                                                                                                  
 concatenate_1 (Concatenate)    (None, 256, 256, 6)  0           ['left_generator[0][0]',         
                                                                  'right_generator[0][0]']        
                                                                                                  
 sequential_2 (Sequential)      (None, 128, 128, 64  6144        ['concatenate_1[0][0]']          
                                )                                                                 
                                                                                                  
 sequential_3 (Sequential)      (None, 64, 64, 128)  131072      ['sequential_2[0][0]']           
                                                                                                  
 sequential_4 (Sequential)      (None, 128, 128, 12  262656      ['sequential_3[0][0]']           
                                8)                                                                
                                                                                                  
 concatenate_2 (Concatenate)    (None, 128, 128, 19  0           ['sequential_4[0][0]',           
                                2)                                'sequential_2[0][0]']           
                                                                                                  
 conv2d_6 (Conv2D)              (None, 128, 128, 64  196672      ['concatenate_2[0][0]']          
                                )                                                                 
                                                                                                  
 conv2d_7 (Conv2D)              (None, 128, 128, 32  32800       ['conv2d_6[0][0]']               
                                )                                                                 
                                                                                                  
 conv2d_transpose_2 (Conv2DTran  (None, 256, 256, 1)  513        ['conv2d_7[0][0]']               
 spose)                                                                                           
                                                                                                  
==================================================================================================
Total params: 629,857
Trainable params: 629,601
Non-trainable params: 256
__________________________________________________________________________________________________
None
Model: "model"
__________________________________________________________________________________________________
 Layer (type)                   Output Shape         Param #     Connected to                     
==================================================================================================
 left_input_image (InputLayer)  [(None, 256, 256, 3  0           []                               
                                )]                                                                
                                                                                                  
 right_input_image (InputLayer)  [(None, 256, 256, 3  0          []                               
                                )]                                                                
                                                                                                  
 target_image (InputLayer)      [(None, 256, 256, 1  0           []                               
                                )]                                                                
                                                                                                  
 concatenate (Concatenate)      (None, 256, 256, 7)  0           ['left_input_image[0][0]',       
                                                                  'right_input_image[0][0]',      
                                                                  'target_image[0][0]']           
                                                                                                  
 sequential (Sequential)        (None, 128, 128, 64  7168        ['concatenate[0][0]']            
                                )                                                                 
                                                                                                  
 sequential_1 (Sequential)      (None, 64, 64, 128)  131072      ['sequential[0][0]']             
                                                                                                  
 zero_padding2d (ZeroPadding2D)  (None, 66, 66, 128)  0          ['sequential_1[0][0]']           
                                                                                                  
 conv2d_2 (Conv2D)              (None, 63, 63, 512)  1048576     ['zero_padding2d[0][0]']         
                                                                                                  
 leaky_re_lu_2 (LeakyReLU)      (None, 63, 63, 512)  0           ['conv2d_2[0][0]']               
                                                                                                  
 zero_padding2d_1 (ZeroPadding2  (None, 65, 65, 512)  0          ['leaky_re_lu_2[0][0]']          
 D)                                                                                               
                                                                                                  
 conv2d_3 (Conv2D)              (None, 62, 62, 1)    8193        ['zero_padding2d_1[0][0]']       
                                                                                                  
==================================================================================================
Total params: 1,195,009
Trainable params: 1,195,009
Non-trainable params: 0
__________________________________________________________________________________________________
2022-09-12 20:57:06.655786: I tensorflow/core/platform/default/subprocess.cc:304] Start cannot spawn child process: No such file or directory
2022-09-12 20:57:09.288079: I tensorflow/stream_executor/cuda/cuda_dnn.cc:384] Loaded cuDNN version 8302
2022-09-12 20:57:09.976142: I tensorflow/core/platform/default/subprocess.cc:304] Start cannot spawn child process: No such file or directory
None
Step: 0k
....................................................................................................WARNING:tensorflow:Compiled the loaded model, but the compiled metrics have yet to be built. `model.compile_metrics` will be empty until you train or evaluate the model.
WARNING:tensorflow:Compiled the loaded model, but the compiled metrics have yet to be built. `model.compile_metrics` will be empty until you train or evaluate the model.
Mon 12 Sep 2022 08:57:30 PM CDT
